464, 468, 473, 475, 478, 482, 486, 2486, 2560, 5095, 120, 9.98668442077
459, 465, 469, 470, 474, 477, 481, 494, 499, 842, 120, 9.98170021627
458, 460, 467, 470, 473, 476, 479, 492, 496, 500, 120, 9.9825305715
381, 463, 465, 469, 474, 476, 479, 491, 496, 497, 120, 9.98336106489
459, 459, 464, 466, 471, 475, 477, 489, 497, 498, 120, 9.98170021627
427, 456, 464, 470, 472, 475, 478, 492, 495, 496, 120, 9.9825305715
400, 458, 467, 468, 471, 476, 478, 489, 495, 497, 120, 9.9825305715
461, 463, 467, 469, 473, 475, 478, 490, 497, 501, 120, 9.9825305715
402, 461, 465, 469, 472, 475, 479, 496, 506, 581, 120, 9.9825305715
402, 463, 466, 470, 472, 476, 479, 491, 502, 505, 120, 9.98336106489
403, 407, 463, 469, 473, 475, 478, 495, 502, 647, 120, 9.98086999917
454, 460, 466, 468, 472, 475, 478, 490, 499, 503, 120, 9.98336106489
374, 437, 463, 467, 471, 474, 477, 494, 495, 495, 120, 9.98336106489
403, 429, 463, 468, 472, 476, 479, 493, 504, 583, 120, 9.9825305715
431, 460, 466, 467, 471, 474, 477, 491, 497, 508, 120, 9.98336106489
435, 457, 465, 468, 471, 475, 478, 491, 493, 509, 120, 9.9825305715
457, 458, 464, 466, 472, 476, 478, 488, 500, 503, 120, 9.98170021627
441, 457, 464, 468, 471, 475, 478, 492, 497, 500, 120, 9.9825305715
418, 457, 464, 468, 471, 474, 478, 487, 493, 496, 120, 9.9825305715
383, 399, 462, 467, 471, 475, 478, 487, 495, 504, 120, 9.98170021627
460, 460, 467, 469, 472, 475, 478, 490, 494, 500, 120, 9.98336106489
463, 463, 468, 468, 472, 475, 478, 486, 492, 497, 120, 9.9825305715
405, 454, 465, 468, 470, 475, 477, 489, 498, 500, 120, 9.9825305715
276, 418, 453, 459, 464, 467, 471, 506, 2542, 6209, 1200, 100.200400802
308, 402, 450, 458, 463, 466, 469, 485, 498, 776, 1200, 100.158584425
374, 436, 454, 459, 463, 466, 469, 483, 491, 627, 1200, 100.158584425
394, 438, 454, 459, 463, 466, 469, 484, 499, 1933, 1200, 100.150225338
373, 434, 453, 459, 462, 465, 468, 481, 494, 783, 1200, 100.158584425
390, 433, 453, 458, 462, 465, 468, 483, 496, 767, 1200, 100.150225338
390, 434, 450, 458, 462, 465, 468, 481, 494, 801, 1200, 100.150225338
364, 435, 449, 458, 462, 465, 468, 481, 492, 644, 1200, 100.158584425
387, 435, 452, 458, 462, 465, 468, 481, 491, 624, 1200, 100.150225338
390, 432, 442, 456, 462, 465, 468, 482, 492, 631, 1200, 100.150225338
386, 429, 440, 453, 461, 464, 467, 483, 490, 801, 1200, 100.158584425
388, 419, 436, 452, 461, 465, 468, 481, 493, 764, 1200, 100.158584425
294, 391, 432, 448, 461, 465, 468, 482, 491, 635, 1200, 100.150225338
299, 391, 440, 454, 461, 464, 467, 482, 490, 794, 1200, 100.150225338
390, 434, 449, 457, 461, 464, 468, 483, 495, 778, 1200, 100.150225338
379, 437, 449, 457, 461, 464, 467, 482, 490, 624, 1200, 100.150225338
284, 407, 444, 456, 461, 464, 467, 482, 496, 622, 1200, 100.158584425
331, 434, 447, 457, 461, 464, 467, 482, 491, 585, 1200, 100.150225338
241, 405, 446, 457, 461, 464, 468, 482, 499, 625, 1200, 100.158584425
341, 432, 442, 455, 460, 464, 467, 482, 491, 775, 1200, 100.150225338
361, 431, 444, 456, 461, 464, 467, 481, 490, 767, 1200, 100.158584425
388, 432, 445, 456, 461, 464, 467, 482, 497, 783, 1200, 100.150225338
382, 433, 442, 454, 460, 464, 467, 482, 491, 622, 1200, 100.150225338
136, 323, 353, 379, 385, 389, 391, 546, 1295, 25061, 12000, 1003.1767263
160, 323, 351, 375, 384, 387, 390, 395, 475, 2677, 12000, 1001.66944908
148, 322, 351, 375, 384, 387, 389, 394, 480, 2683, 12000, 1001.66944908
187, 321, 350, 373, 383, 386, 388, 393, 476, 3649, 12000, 1001.58584425
151, 320, 350, 373, 384, 387, 389, 395, 483, 2694, 12000, 1001.66944908
268, 322, 350, 373, 383, 386, 388, 394, 479, 2689, 12000, 1001.58584425
178, 320, 350, 371, 383, 386, 388, 394, 475, 2683, 12000, 1001.66944908
136, 320, 350, 371, 383, 386, 388, 393, 477, 2677, 12000, 1001.66944908
269, 321, 350, 373, 383, 386, 388, 394, 480, 2688, 12000, 1001.58584425
253, 319, 350, 370, 383, 386, 388, 394, 478, 2676, 12000, 1001.58584425
258, 320, 350, 372, 383, 386, 388, 394, 461, 2672, 12000, 1001.58584425
123, 320, 350, 372, 383, 386, 388, 395, 474, 2693, 12000, 1001.66944908
189, 319, 349, 375, 383, 386, 388, 396, 474, 2670, 12000, 1001.66944908
195, 323, 354, 378, 383, 386, 388, 398, 458, 2681, 12000, 1001.66944908
246, 327, 359, 380, 383, 386, 389, 400, 500, 2681, 12000, 1001.66944908
156, 334, 363, 380, 383, 386, 388, 399, 523, 2676, 12000, 1001.66944908
189, 353, 374, 381, 384, 387, 389, 400, 519, 2677, 12000, 1001.58584425
213, 352, 376, 380, 383, 386, 388, 399, 482, 2689, 12000, 1001.58584425
293, 350, 374, 380, 383, 386, 388, 398, 501, 2670, 12000, 1001.58584425
209, 339, 364, 380, 383, 386, 388, 396, 509, 2693, 12000, 1001.58584425
280, 328, 355, 379, 383, 386, 388, 394, 466, 2663, 12000, 1001.58584425
268, 321, 353, 379, 383, 386, 388, 394, 478, 2672, 12000, 1001.66944908
142, 322, 351, 379, 383, 386, 388, 394, 473, 2688, 12000, 1001.66944908
