1719, 2144, 2440, 2590, 2821, 2856, 2877, 2892, 2913, 4571, 1000, 100.200400802
2033, 2183, 2482, 2643, 2813, 2843, 2862, 2879, 2914, 4530, 1000, 100.210441928
1726, 2101, 2457, 2618, 2816, 2845, 2866, 2879, 2892, 4561, 1000, 100.200400802
1733, 2109, 2326, 2522, 2784, 2855, 2880, 2893, 2910, 4608, 1000, 100.200400802
2041, 2197, 2459, 2586, 2806, 2855, 2879, 2896, 2914, 4594, 1000, 100.200400802
2045, 2122, 2381, 2515, 2794, 2853, 2877, 2892, 2919, 4603, 1000, 100.210441928
2047, 2438, 2680, 2801, 2831, 2855, 2869, 2885, 2955, 4603, 1000, 100.200400802
1739, 2132, 2412, 2554, 2820, 2861, 2882, 2897, 2950, 4582, 1000, 100.200400802
2041, 2281, 2506, 2623, 2819, 2847, 2865, 2879, 2896, 4568, 1000, 100.200400802
1731, 2265, 2579, 2800, 2833, 2856, 2872, 2886, 2896, 4613, 1000, 100.200400802
1856, 2199, 2448, 2589, 2817, 2858, 2881, 2896, 2911, 4551, 1000, 100.200400802
1724, 2186, 2437, 2602, 2819, 2860, 2881, 2898, 2940, 4611, 1000, 100.200400802
2206, 2390, 2495, 2649, 2838, 2864, 2879, 2895, 2960, 4607, 1000, 100.200400802
2239, 2432, 2582, 2799, 2834, 2855, 2869, 2882, 2953, 4565, 1000, 100.200400802
2046, 2178, 2461, 2615, 2829, 2869, 2888, 2901, 2914, 4674, 1000, 100.200400802
2052, 2349, 2560, 2708, 2832, 2860, 2879, 2892, 2905, 4606, 1000, 100.200400802
1944, 2168, 2452, 2593, 2811, 2850, 2873, 2887, 2933, 4588, 1000, 100.200400802
1981, 2139, 2440, 2576, 2813, 2857, 2876, 2891, 2929, 4554, 1000, 100.200400802
1730, 2183, 2473, 2611, 2813, 2841, 2860, 2873, 2889, 4562, 1000, 100.200400802
1991, 2277, 2482, 2619, 2836, 2865, 2882, 2895, 2947, 4609, 1000, 100.200400802
1981, 2090, 2331, 2488, 2772, 2830, 2855, 2878, 2931, 4505, 1000, 100.200400802
1697, 2183, 2491, 2657, 2825, 2854, 2873, 2889, 2977, 4556, 1000, 100.200400802
1981, 2186, 2468, 2609, 2813, 2855, 2873, 2891, 2908, 4569, 1000, 100.200400802
